mode: set
github.com/bdaler/wallet/pkg/wallet/service.go:23.78,24.37 1 1
github.com/bdaler/wallet/pkg/wallet/service.go:29.2,36.21 4 1
github.com/bdaler/wallet/pkg/wallet/service.go:24.37,25.29 1 1
github.com/bdaler/wallet/pkg/wallet/service.go:25.29,27.4 1 1
github.com/bdaler/wallet/pkg/wallet/service.go:39.70,40.17 1 1
github.com/bdaler/wallet/pkg/wallet/service.go:43.2,44.33 2 1
github.com/bdaler/wallet/pkg/wallet/service.go:51.2,51.20 1 1
github.com/bdaler/wallet/pkg/wallet/service.go:55.2,56.12 2 1
github.com/bdaler/wallet/pkg/wallet/service.go:40.17,42.3 1 1
github.com/bdaler/wallet/pkg/wallet/service.go:44.33,45.26 1 1
github.com/bdaler/wallet/pkg/wallet/service.go:45.26,47.9 2 1
github.com/bdaler/wallet/pkg/wallet/service.go:51.20,53.3 1 1
github.com/bdaler/wallet/pkg/wallet/service.go:59.116,60.17 1 1
github.com/bdaler/wallet/pkg/wallet/service.go:64.2,65.16 2 1
github.com/bdaler/wallet/pkg/wallet/service.go:69.2,69.30 1 1
github.com/bdaler/wallet/pkg/wallet/service.go:73.2,84.21 5 1
github.com/bdaler/wallet/pkg/wallet/service.go:60.17,62.3 1 0
github.com/bdaler/wallet/pkg/wallet/service.go:65.16,67.3 1 1
github.com/bdaler/wallet/pkg/wallet/service.go:69.30,71.3 1 1
github.com/bdaler/wallet/pkg/wallet/service.go:87.76,88.37 1 1
github.com/bdaler/wallet/pkg/wallet/service.go:93.2,93.32 1 1
github.com/bdaler/wallet/pkg/wallet/service.go:88.37,89.30 1 1
github.com/bdaler/wallet/pkg/wallet/service.go:89.30,91.4 1 1
github.com/bdaler/wallet/pkg/wallet/service.go:96.77,97.37 1 1
github.com/bdaler/wallet/pkg/wallet/service.go:102.2,102.32 1 1
github.com/bdaler/wallet/pkg/wallet/service.go:97.37,98.30 1 1
github.com/bdaler/wallet/pkg/wallet/service.go:98.30,100.4 1 1
github.com/bdaler/wallet/pkg/wallet/service.go:105.50,107.16 2 1
github.com/bdaler/wallet/pkg/wallet/service.go:111.2,112.15 2 1
github.com/bdaler/wallet/pkg/wallet/service.go:116.2,119.12 3 1
github.com/bdaler/wallet/pkg/wallet/service.go:107.16,109.3 1 1
github.com/bdaler/wallet/pkg/wallet/service.go:112.15,114.3 1 0
github.com/bdaler/wallet/pkg/wallet/service.go:122.105,124.16 2 1
github.com/bdaler/wallet/pkg/wallet/service.go:128.2,129.16 2 1
github.com/bdaler/wallet/pkg/wallet/service.go:132.2,132.21 1 1
github.com/bdaler/wallet/pkg/wallet/service.go:124.16,126.3 1 0
github.com/bdaler/wallet/pkg/wallet/service.go:129.16,131.3 1 0
github.com/bdaler/wallet/pkg/wallet/service.go:135.68,137.16 2 1
github.com/bdaler/wallet/pkg/wallet/service.go:141.2,149.24 2 1
github.com/bdaler/wallet/pkg/wallet/service.go:137.16,139.3 1 0
